<?xml version="1.0" encoding="UTF-8"?>
<testsuite name="demo.base.BaseDemoTest" tests="1" skipped="0" failures="0" errors="0" timestamp="2022-06-29T05:54:47" hostname="AUPTCP" time="0.012">
  <properties/>
  <testcase name="should_return_10()" classname="demo.base.BaseDemoTest" time="0.012"/>
  <system-out><![CDATA[]]></system-out>
  <system-err><![CDATA[]]></system-err>
</testsuite>
